<?xml version="1.0" encoding="UTF-8"?>
<!-- Generated by org.testng.reporters.JUnitXMLReporter -->
<testsuite hostname="VaidhuSanthu" ignored="0" name="Default test" tests="6" failures="0" timestamp="10 May 2020 00:53:32 GMT" time="324.23" errors="0">
  <testcase name="verifyTestFoodReceipeTitle" time="33.576" classname="com.qmetry.qaf.example.test.FoodTestCasesAdv"/>
  <testcase name="verifySearchResults" time="25.608" classname="com.qmetry.qaf.example.test.FoodTestCasesAdv"/>
  <testcase name="verifyInvalidSearch" time="24.089" classname="com.qmetry.qaf.example.test.FoodTestCasesAdv"/>
  <testcase name="verifySaveForGuest" time="64.866" classname="com.qmetry.qaf.example.test.FoodTestCasesAdv"/>
  <testcase name="verifyReviewForGuest" time="85.056" classname="com.qmetry.qaf.example.test.FoodTestCasesAdv"/>
  <testcase name="verifySaveForRegUser" time="90.462" classname="com.qmetry.qaf.example.test.FoodTestCasesAdv"/>
</testsuite> <!-- Default test -->
