<?xml version="1.0" encoding="UTF-8"?>
<!-- Generated by org.testng.reporters.JUnitXMLReporter -->
<testsuite hostname="VaidhuSanthu" ignored="6" name="BDD Test" tests="6" failures="0" timestamp="10 May 2020 22:06:37 GMT" time="303.18" errors="0">
  <testcase name="verify Test Food Receipe Title" time="13.498" classname="com.qmetry.qaf.automation.step.client.DataDrivenScenario"/>
  <testcase name="verify Search Results" time="24.799" classname="com.qmetry.qaf.automation.step.client.DataDrivenScenario"/>
  <testcase name="verify Save Recipe Action for Guest User" time="66.176" classname="com.qmetry.qaf.automation.step.client.DataDrivenScenario"/>
  <testcase name="verify Review Recipe Action for Guest User" time="86.889" classname="com.qmetry.qaf.automation.step.client.DataDrivenScenario"/>
  <testcase name="verify Invalid Search" time="24.824" classname="com.qmetry.qaf.automation.step.client.DataDrivenScenario"/>
  <testcase name="Verify SAVES Button functionality" time="86.537" classname="com.qmetry.qaf.automation.step.client.DataDrivenScenario"/>
  <testcase name="verify Test Food Receipe Title" time="0.0" classname="com.qmetry.qaf.automation.step.client.DataDrivenScenario">
    <ignored/>
  </testcase> <!-- verify Test Food Receipe Title -->
  <testcase name="verify Search Results" time="0.0" classname="com.qmetry.qaf.automation.step.client.DataDrivenScenario">
    <ignored/>
  </testcase> <!-- verify Search Results -->
  <testcase name="verify Save Recipe Action for Guest User" time="0.0" classname="com.qmetry.qaf.automation.step.client.DataDrivenScenario">
    <ignored/>
  </testcase> <!-- verify Save Recipe Action for Guest User -->
  <testcase name="verify Review Recipe Action for Guest User" time="0.0" classname="com.qmetry.qaf.automation.step.client.DataDrivenScenario">
    <ignored/>
  </testcase> <!-- verify Review Recipe Action for Guest User -->
  <testcase name="verify Invalid Search" time="0.0" classname="com.qmetry.qaf.automation.step.client.DataDrivenScenario">
    <ignored/>
  </testcase> <!-- verify Invalid Search -->
  <testcase name="Verify SAVES Button functionality" time="0.0" classname="com.qmetry.qaf.automation.step.client.DataDrivenScenario">
    <ignored/>
  </testcase> <!-- Verify SAVES Button functionality -->
</testsuite> <!-- BDD Test -->
